<?xml version="1.0" encoding="UTF-8"?>
<!-- Generated by org.testng.reporters.JUnitReportReporter -->
<testsuite skipped="0" hostname="EPINHYDW0374" name="com.qa.selenium.tests.LaunchBrowser" tests="3" failures="0" timestamp="12 Feb 2020 12:46:02 GMT" time="46.544" errors="0">
  <testcase name="BrowserLaunch1" time="15.157" classname="com.qa.selenium.tests.LaunchBrowser"/>
  <testcase name="BrowserLaunch" time="16.585" classname="com.qa.selenium.tests.LaunchBrowser"/>
  <testcase name="BrowserLaunch2" time="14.802" classname="com.qa.selenium.tests.LaunchBrowser"/>
</testsuite> <!-- com.qa.selenium.tests.LaunchBrowser -->
